<?xml version="1.0" encoding="UTF-8"?>
<!-- Generated by org.testng.reporters.JUnitReportReporter -->
<testsuite hostname="LAPTOP-77GCKEU2" failures="0" tests="4" name="entornos.NewTest" time="0.009" errors="0" timestamp="2022-03-21T09:12:24 CET" skipped="0">
  <testcase classname="entornos.NewTest" name="testSuma" time="0.006"/>
  <system-out/>
  <testcase classname="entornos.NewTest" name="testResta" time="0.001"/>
  <system-out/>
  <testcase classname="entornos.NewTest" name="testMultiplicacion" time="0.001"/>
  <system-out/>
  <testcase classname="entornos.NewTest" name="testDivision" time="0.001"/>
  <system-out/>
</testsuite> <!-- entornos.NewTest -->
